Using pre-set license
Built from '2021.3/staging' branch; Version is '2021.3.6f1 (7da38d85baf6) revision 8233869'; Using compiler version '192829333'; Build Type 'Release'
OS: 'Windows 10  (10.0.19044) 64bit Core' Language: 'zh' Physical Memory: 15716 MB
BatchMode: 1, IsHumanControllingUs: 0, StartBugReporterOnCrash: 0, Is64bit: 1, IsPro: 1

COMMAND LINE ARGUMENTS:
C:\Program Files\Unity2D\2021.3.6f1\Editor\Unity.exe
-adb2
-batchMode
-noUpm
-name
AssetImportWorker9
-projectPath
D:/Unity/Card/Card
-logFile
Logs/AssetImportWorker9.log
-srvPort
51650
Successfully changed project path to: D:/Unity/Card/Card
D:/Unity/Card/Card
[UnityMemory] Configuration Parameters - Can be set up in boot.config
    "memorysetup-bucket-allocator-granularity=16"
    "memorysetup-bucket-allocator-bucket-count=8"
    "memorysetup-bucket-allocator-block-size=33554432"
    "memorysetup-bucket-allocator-block-count=8"
    "memorysetup-main-allocator-block-size=16777216"
    "memorysetup-thread-allocator-block-size=16777216"
    "memorysetup-gfx-main-allocator-block-size=16777216"
    "memorysetup-gfx-thread-allocator-block-size=16777216"
    "memorysetup-cache-allocator-block-size=4194304"
    "memorysetup-typetree-allocator-block-size=2097152"
    "memorysetup-profiler-bucket-allocator-granularity=16"
    "memorysetup-profiler-bucket-allocator-bucket-count=8"
    "memorysetup-profiler-bucket-allocator-block-size=33554432"
    "memorysetup-profiler-bucket-allocator-block-count=8"
    "memorysetup-profiler-allocator-block-size=16777216"
    "memorysetup-profiler-editor-allocator-block-size=1048576"
    "memorysetup-temp-allocator-size-main=16777216"
    "memorysetup-job-temp-allocator-block-size=2097152"
    "memorysetup-job-temp-allocator-block-size-background=1048576"
    "memorysetup-job-temp-allocator-reduction-small-platforms=262144"
    "memorysetup-temp-allocator-size-background-worker=32768"
    "memorysetup-temp-allocator-size-job-worker=262144"
    "memorysetup-temp-allocator-size-preload-manager=33554432"
    "memorysetup-temp-allocator-size-nav-mesh-worker=65536"
    "memorysetup-temp-allocator-size-audio-worker=65536"
    "memorysetup-temp-allocator-size-cloud-worker=32768"
    "memorysetup-temp-allocator-size-gi-baking-worker=262144"
    "memorysetup-temp-allocator-size-gfx=262144"
Refreshing native plugins compatible for Editor in 106.34 ms, found 4 plugins.
Preloading 0 native plugins for Editor in 0.00 ms.
Initialize engine version: 2021.3.6f1 (7da38d85baf6)
[Subsystems] Discovering subsystems at path C:/Program Files/Unity2D/2021.3.6f1/Editor/Data/Resources/UnitySubsystems
[Subsystems] Discovering subsystems at path D:/Unity/Card/Card/Assets
GfxDevice: creating device client; threaded=0; jobified=0
Direct3D:
    Version:  Direct3D 11.0 [level 11.1]
    Renderer: NVIDIA GeForce RTX 3050 Laptop GPU (ID=0x25a5)
    Vendor:   NVIDIA
    VRAM:     3977 MB
    Driver:   31.0.15.2656
Initialize mono
Mono path[0] = 'C:/Program Files/Unity2D/2021.3.6f1/Editor/Data/Managed'
Mono path[1] = 'C:/Program Files/Unity2D/2021.3.6f1/Editor/Data/MonoBleedingEdge/lib/mono/unityjit-win32'
Mono config path = 'C:/Program Files/Unity2D/2021.3.6f1/Editor/Data/MonoBleedingEdge/etc'
Using monoOptions --debugger-agent=transport=dt_socket,embedding=1,server=y,suspend=n,address=127.0.0.1:56120
Begin MonoManager ReloadAssembly
Registering precompiled unity dll's ...
Register platform support module: C:/Program Files/Unity2D/2021.3.6f1/Editor/Data/PlaybackEngines/AndroidPlayer/UnityEditor.Android.Extensions.dll
Register platform support module: C:/Program Files/Unity2D/2021.3.6f1/Editor/Data/PlaybackEngines/WindowsStandaloneSupport/UnityEditor.WindowsStandalone.Extensions.dll
Registered in 0.006438 seconds.
Native extension for WindowsStandalone target not found
Native extension for Android target not found
Refreshing native plugins compatible for Editor in 91.55 ms, found 4 plugins.
Preloading 0 native plugins for Editor in 0.00 ms.
Mono: successfully reloaded assembly
- Completed reload, in  0.599 seconds
Domain Reload Profiling:
	ReloadAssembly (600ms)
		BeginReloadAssembly (68ms)
			ExecutionOrderSort (0ms)
			DisableScriptedObjects (0ms)
			BackupInstance (0ms)
			ReleaseScriptingObjects (0ms)
			CreateAndSetChildDomain (1ms)
		EndReloadAssembly (425ms)
			LoadAssemblies (66ms)
			RebuildTransferFunctionScriptingTraits (0ms)
			SetupTypeCache (95ms)
			ReleaseScriptCaches (0ms)
			RebuildScriptCaches (22ms)
			SetupLoadedEditorAssemblies (264ms)
				LogAssemblyErrors (0ms)
				InitializePlatformSupportModulesInManaged (48ms)
				SetLoadedEditorAssemblies (0ms)
				RefreshPlugins (92ms)
				BeforeProcessingInitializeOnLoad (1ms)
				ProcessInitializeOnLoadAttributes (85ms)
				ProcessInitializeOnLoadMethodAttributes (38ms)
				AfterProcessingInitializeOnLoad (0ms)
				EditorAssembliesLoaded (0ms)
			ExecutionOrderSort2 (0ms)
			AwakeInstancesAfterBackupRestoration (0ms)
Platform modules already initialized, skipping
Registering precompiled user dll's ...
Registered in 0.008712 seconds.
Begin MonoManager ReloadAssembly
Symbol file LoadedFromMemory doesn't match image D:\Unity\Card\Card\Library\PackageCache\com.unity.visualscripting@1.7.8\Editor\VisualScripting.Core\Dependencies\YamlDotNet\Unity.VisualScripting.YamlDotNet.dll
Symbol file LoadedFromMemory doesn't match image D:\Unity\Card\Card\Library\PackageCache\com.unity.visualscripting@1.7.8\Editor\VisualScripting.Core\Dependencies\DotNetZip\Unity.VisualScripting.IonicZip.dll
Native extension for WindowsStandalone target not found
Native extension for Android target not found
Refreshing native plugins compatible for Editor in 89.06 ms, found 4 plugins.
Preloading 0 native plugins for Editor in 0.00 ms.
Mono: successfully reloaded assembly
- Completed reload, in  1.197 seconds
Domain Reload Profiling:
	ReloadAssembly (1197ms)
		BeginReloadAssembly (213ms)
			ExecutionOrderSort (0ms)
			DisableScriptedObjects (5ms)
			BackupInstance (0ms)
			ReleaseScriptingObjects (0ms)
			CreateAndSetChildDomain (130ms)
		EndReloadAssembly (888ms)
			LoadAssemblies (80ms)
			RebuildTransferFunctionScriptingTraits (0ms)
			SetupTypeCache (217ms)
			ReleaseScriptCaches (1ms)
			RebuildScriptCaches (56ms)
			SetupLoadedEditorAssemblies (483ms)
				LogAssemblyErrors (0ms)
				InitializePlatformSupportModulesInManaged (13ms)
				SetLoadedEditorAssemblies (0ms)
				RefreshPlugins (89ms)
				BeforeProcessingInitializeOnLoad (87ms)
				ProcessInitializeOnLoadAttributes (248ms)
				ProcessInitializeOnLoadMethodAttributes (38ms)
				AfterProcessingInitializeOnLoad (8ms)
				EditorAssembliesLoaded (0ms)
			ExecutionOrderSort2 (0ms)
			AwakeInstancesAfterBackupRestoration (5ms)
Platform modules already initialized, skipping
========================================================================
Worker process is ready to serve import requests
Launched and connected shader compiler UnityShaderCompiler.exe after 0.05 seconds
Refreshing native plugins compatible for Editor in 2.98 ms, found 4 plugins.
Preloading 0 native plugins for Editor in 0.00 ms.
Unloading 4100 Unused Serialized files (Serialized files now loaded: 0)
Unloading 53 unused Assets / (0.6 MB). Loaded Objects now: 4559.
Memory consumption went from 158.0 MB to 157.4 MB.
Total: 8.724900 ms (FindLiveObjects: 0.829200 ms CreateObjectMapping: 0.276900 ms MarkObjects: 6.760100 ms  DeleteObjects: 0.855200 ms)

AssetImportParameters requested are different than current active one (requested -> active):
  custom:video-decoder-ogg-theora: a1e56fd34408186e4bbccfd4996cb3dc -> 
  custom:container-muxer-webm: aa71ff27fc2769a1b78a27578f13a17b -> 
  custom:container-demuxer-webm: 4f35f7cbe854078d1ac9338744f61a02 -> 
  custom:video-encoder-webm-vp8: eb34c28f22e8b96e1ab97ce403110664 -> 
  custom:video-codec-MediaFoundation-h265: 746d11721c4dcdbdad8f713fa42b33f4 -> 
  custom:audio-encoder-webm-vorbis: bf7c407c2cedff20999df2af8eb42d56 -> 
  custom:framework-win-MediaFoundation: 216162199b28c13a410421893ffa2e32 -> 
  custom:container-demuxer-ogg: 62fdf1f143b41e24485cea50d1cbac27 -> 
  custom:video-decoder-webm-vp8: 9c59270c3fd7afecdb556c50c9e8de78 -> 
  custom:audio-decoder-ogg-vorbis: bf7c407c2cedff20999df2af8eb42d56 -> 
========================================================================
Received Import Request.
  Time since last request: 2040305.841421 seconds.
  path: Assets/Arts/Epic Toon FX/Prefabs/Interactive/Hearts/HeartStream.prefab
  artifactKey: Guid(576c0f12a828ddd4db1d6d4401702701) Importer(815301076,1909f56bfc062723c751e8b465ee728b)
Start importing Assets/Arts/Epic Toon FX/Prefabs/Interactive/Hearts/HeartStream.prefab using Guid(576c0f12a828ddd4db1d6d4401702701) Importer(815301076,1909f56bfc062723c751e8b465ee728b)  -> (artifact id: '308625d0e055038134c7997f249da897') in 0.116750 seconds 
========================================================================
Received Import Request.
  Time since last request: 5.070291 seconds.
  path: Assets/Arts/Epic Toon FX/Prefabs/Interactive/Trails/LightningFloorBlueTrail.prefab
  artifactKey: Guid(e75cf0dba269ca24e943482d44f3011f) Importer(815301076,1909f56bfc062723c751e8b465ee728b)
Start importing Assets/Arts/Epic Toon FX/Prefabs/Interactive/Trails/LightningFloorBlueTrail.prefab using Guid(e75cf0dba269ca24e943482d44f3011f) Importer(815301076,1909f56bfc062723c751e8b465ee728b)  -> (artifact id: 'dccfa9ede4ec1144aee30f322a1e0cb4') in 0.034899 seconds 
========================================================================
Received Import Request.
  Time since last request: 5.522621 seconds.
  path: Assets/Arts/Epic Toon FX/Prefabs/Interactive/Zone/BasicZone/BasicZonePurple.prefab
  artifactKey: Guid(d02101df497c74a43a80cd5097338022) Importer(815301076,1909f56bfc062723c751e8b465ee728b)
Start importing Assets/Arts/Epic Toon FX/Prefabs/Interactive/Zone/BasicZone/BasicZonePurple.prefab using Guid(d02101df497c74a43a80cd5097338022) Importer(815301076,1909f56bfc062723c751e8b465ee728b)  -> (artifact id: '79d254b6e1ee91c067debcfddf8a8f0d') in 0.021649 seconds 
========================================================================
Received Import Request.
  Time since last request: 0.000045 seconds.
  path: Assets/Arts/Epic Toon FX/Prefabs/Interactive/Zone/BasicZone/BasicZoneWhite.prefab
  artifactKey: Guid(22c40b612022044449a3cead95148403) Importer(815301076,1909f56bfc062723c751e8b465ee728b)
Start importing Assets/Arts/Epic Toon FX/Prefabs/Interactive/Zone/BasicZone/BasicZoneWhite.prefab using Guid(22c40b612022044449a3cead95148403) Importer(815301076,1909f56bfc062723c751e8b465ee728b)  -> (artifact id: 'd8130c514b9d324c66d18b334e3112c3') in 0.027591 seconds 
========================================================================
Received Import Request.
  Time since last request: 0.382423 seconds.
  path: Assets/Arts/Epic Toon FX/Prefabs/Interactive/Zone/MagicZone/MagicZonePink.prefab
  artifactKey: Guid(a88a4088f30993d4aa056af36449cbd2) Importer(815301076,1909f56bfc062723c751e8b465ee728b)
Start importing Assets/Arts/Epic Toon FX/Prefabs/Interactive/Zone/MagicZone/MagicZonePink.prefab using Guid(a88a4088f30993d4aa056af36449cbd2) Importer(815301076,1909f56bfc062723c751e8b465ee728b)  -> (artifact id: '39da28a7e84be3f551a4497b746fa622') in 0.021281 seconds 
========================================================================
Received Import Request.
  Time since last request: 2.457043 seconds.
  path: Assets/Arts/Epic Toon FX/Prefabs/Interactive/Loot/ChestAppear/ChestAppearWhite.prefab
  artifactKey: Guid(3c2fb72925d7f3c4a8c2b92cc3a81390) Importer(815301076,1909f56bfc062723c751e8b465ee728b)
Start importing Assets/Arts/Epic Toon FX/Prefabs/Interactive/Loot/ChestAppear/ChestAppearWhite.prefab using Guid(3c2fb72925d7f3c4a8c2b92cc3a81390) Importer(815301076,1909f56bfc062723c751e8b465ee728b)  -> (artifact id: '27b750c17c9197b1317fa6fa80739778') in 0.020149 seconds 
========================================================================
Received Import Request.
  Time since last request: 0.476573 seconds.
  path: Assets/Arts/Epic Toon FX/Prefabs/Interactive/Loot/GlowOrb/GlowOrbPink.prefab
  artifactKey: Guid(1ccb1978c7eca624fa51679bea0083ae) Importer(815301076,1909f56bfc062723c751e8b465ee728b)
Start importing Assets/Arts/Epic Toon FX/Prefabs/Interactive/Loot/GlowOrb/GlowOrbPink.prefab using Guid(1ccb1978c7eca624fa51679bea0083ae) Importer(815301076,1909f56bfc062723c751e8b465ee728b)  -> (artifact id: '2b6a7d1a25d4428c23ab5fb6287f56ca') in 0.020123 seconds 
========================================================================
Received Import Request.
  Time since last request: 0.415918 seconds.
  path: Assets/Arts/Epic Toon FX/Prefabs/Interactive/Loot/ItemSparkle/ItemSparklePink.prefab
  artifactKey: Guid(c5db43b1e2c605d42a53be0160e8cc8a) Importer(815301076,1909f56bfc062723c751e8b465ee728b)
Start importing Assets/Arts/Epic Toon FX/Prefabs/Interactive/Loot/ItemSparkle/ItemSparklePink.prefab using Guid(c5db43b1e2c605d42a53be0160e8cc8a) Importer(815301076,1909f56bfc062723c751e8b465ee728b)  -> (artifact id: 'ad350ba05b652b85f948307590c2decd') in 0.069820 seconds 
========================================================================
Received Import Request.
  Time since last request: 1.528345 seconds.
  path: Assets/Arts/Epic Toon FX/Prefabs/Interactive/Portals/SimplePortal/SimplePortalGreen.prefab
  artifactKey: Guid(e369416ca848b20439557e28d5afc76f) Importer(815301076,1909f56bfc062723c751e8b465ee728b)
Start importing Assets/Arts/Epic Toon FX/Prefabs/Interactive/Portals/SimplePortal/SimplePortalGreen.prefab using Guid(e369416ca848b20439557e28d5afc76f) Importer(815301076,1909f56bfc062723c751e8b465ee728b)  -> (artifact id: '92a8a93d86406d98b75552433c625c4a') in 0.020233 seconds 
========================================================================
Received Import Request.
  Time since last request: 0.000021 seconds.
  path: Assets/Arts/Epic Toon FX/Prefabs/Interactive/Portals/SimplePortal/SimplePortalRed.prefab
  artifactKey: Guid(6da08197388d2854cbd29c147b0c7fa4) Importer(815301076,1909f56bfc062723c751e8b465ee728b)
Start importing Assets/Arts/Epic Toon FX/Prefabs/Interactive/Portals/SimplePortal/SimplePortalRed.prefab using Guid(6da08197388d2854cbd29c147b0c7fa4) Importer(815301076,1909f56bfc062723c751e8b465ee728b)  -> (artifact id: '07f8242dab583905507a7ef1469dbfd0') in 0.018446 seconds 
========================================================================
Received Import Request.
  Time since last request: 0.598846 seconds.
  path: Assets/Arts/Epic Toon FX/Prefabs/Interactive/Portals/SpinPortal/SpinPortalPurple.prefab
  artifactKey: Guid(023211deead76c94dad691d75c768a7d) Importer(815301076,1909f56bfc062723c751e8b465ee728b)
Start importing Assets/Arts/Epic Toon FX/Prefabs/Interactive/Portals/SpinPortal/SpinPortalPurple.prefab using Guid(023211deead76c94dad691d75c768a7d) Importer(815301076,1909f56bfc062723c751e8b465ee728b)  -> (artifact id: '3e951426be384487e3b9cc1a1c1a21de') in 0.020292 seconds 
========================================================================
Received Import Request.
  Time since last request: 1.486068 seconds.
  path: Assets/Arts/Epic Toon FX/Prefabs/Interactive/Powerups/PowerOrb/PowerOrbPurple.prefab
  artifactKey: Guid(4be5e42ebaca58b47ae39e94209c5f32) Importer(815301076,1909f56bfc062723c751e8b465ee728b)
Start importing Assets/Arts/Epic Toon FX/Prefabs/Interactive/Powerups/PowerOrb/PowerOrbPurple.prefab using Guid(4be5e42ebaca58b47ae39e94209c5f32) Importer(815301076,1909f56bfc062723c751e8b465ee728b)  -> (artifact id: 'e7dbf74b07cc3e20d8e84aa562e013d9') in 0.025841 seconds 
========================================================================
Received Import Request.
  Time since last request: 2.170543 seconds.
  path: Assets/Arts/Epic Toon FX/Prefabs/Interactive/Powerups/PowerOrbElemental/PowerOrbLightningElemental.prefab
  artifactKey: Guid(bcd9b34aae40e764a89cacdbc1c3d4e2) Importer(815301076,1909f56bfc062723c751e8b465ee728b)
Start importing Assets/Arts/Epic Toon FX/Prefabs/Interactive/Powerups/PowerOrbElemental/PowerOrbLightningElemental.prefab using Guid(bcd9b34aae40e764a89cacdbc1c3d4e2) Importer(815301076,1909f56bfc062723c751e8b465ee728b)  -> (artifact id: '78e9d3692405d1722d26f752e6c181c6') in 0.025912 seconds 
Editor requested this worker to shutdown with reason: Scaling down because of idle timeout
AssetImportWorker is now disconnected from the server
Process exiting
Exiting without the bug reporter. Application will terminate with return code 0